This is pdfTeX, Version 3.14159265-2.6-1.40.17 (MiKTeX 2.9.6210 64-bit) (preloaded format=latex 2017.1.13)  13 JAN 2017 19:33
entering extended mode
**\makeatletter\def\HCode{\futurelet\HCode\HChar}\def\HChar{\ifx\HCode\def\HCod
e##1{\Link##1}\expandafter\HCode\else\expandafter\Link\fi}\def\Link#1.a.b.c.{\g
@addto@macro\@documentclasshook{\RequirePackage[#1,html]{tex4ht}}\let\HCode\doc
umentstyle\def\documentstyle{\let\documentstyle\HCode\expandafter\def\csname te
x4ht\endcsname{#1,html}\def\HCode####1{\documentstyle[tex4ht,}\@ifnextchar[{\HC
ode}{\documentstyle[tex4ht]}}}\makeatother\HCode .a.b.c.\input  Alphabet-Part1_
01
(Alphabet-Part1_01.tex ("C:\Program Files\MiKTeX 2.9\tex\latex\base\article.cls
"
Document Class: article 2014/09/29 v1.4h Standard LaTeX document class
("C:\Program Files\MiKTeX 2.9\tex\latex\base\size10.clo"
File: size10.clo 2014/09/29 v1.4h Standard LaTeX file (size option)
)
\c@part=\count79
\c@section=\count80
\c@subsection=\count81
\c@subsubsection=\count82
\c@paragraph=\count83
\c@subparagraph=\count84
\c@figure=\count85
\c@table=\count86
\abovecaptionskip=\skip41
\belowcaptionskip=\skip42
\bibindent=\dimen102
)
(C:\Users\Tadashi\AppData\Roaming\MiKTeX\2.9\tex\generic\tex4ht\tex4ht.sty
version 2008-10-27-17:23
Package: tex4ht 
--------------------------------------
--- Note --- for _ at preamble, use the command line option `early_'
--------------------------------------
--------------------------------------
--- Note --- for ^ at preamble, use the command line option `early^'
--------------------------------------
\tmp:toks=\toks14
)
(C:\Users\Tadashi\AppData\Roaming\MiKTeX\2.9\tex\generic\tex4ht\usepackage.4ht
version 2009-05-21-09:32
) ("C:\Program Files\MiKTeX 2.9\tex\latex\tools\array.sty"
Package: array 2014/10/28 v2.4c Tabular extension package (FMi)
\col@sep=\dimen103
\extrarowheight=\dimen104
\NC@list=\toks15
\extratabsurround=\skip43
\backup@length=\skip44
)
(C:\Users\Tadashi\AppData\Roaming\MiKTeX\2.9\tex\latex\comment\comment.sty
\CommentStream=\write3

Excluding comment 'comment')
(C:\Users\Tadashi\AppData\Roaming\MiKTeX\2.9\tex\latex\preprint\fullpage.sty
Package: fullpage 1999/02/23 1.1 (PWD)
\FP@margin=\skip45
)
(C:\Users\Tadashi\AppData\Roaming\MiKTeX\2.9\tex\latex\pbox\pbox.sty
Package: pbox 2011/12/07 v1.2 Dynamic parboxes

("C:\Program Files\MiKTeX 2.9\tex\latex\tools\calc.sty"
Package: calc 2014/10/28 v4.3 Infix arithmetic (KKT,FJ)
\calc@Acount=\count87
\calc@Bcount=\count88
\calc@Adimen=\dimen105
\calc@Bdimen=\dimen106
\calc@Askip=\skip46
\calc@Bskip=\skip47
LaTeX Info: Redefining \setlength on input line 80.
LaTeX Info: Redefining \addtolength on input line 81.
\calc@Ccount=\count89
\calc@Cskip=\skip48
)
("C:\Program Files\MiKTeX 2.9\tex\latex\base\ifthen.sty"
Package: ifthen 2014/09/29 v1.1c Standard LaTeX ifthen package (DPC)
)
\pb@xlen=\skip49
)
("C:\Program Files\MiKTeX 2.9\tex\latex\amsfonts\amssymb.sty"
Package: amssymb 2013/01/14 v3.01 AMS font symbols

("C:\Program Files\MiKTeX 2.9\tex\latex\amsfonts\amsfonts.sty"
Package: amsfonts 2013/01/14 v3.01 Basic AMSFonts support
\@emptytoks=\toks16
\symAMSa=\mathgroup4
\symAMSb=\mathgroup5
LaTeX Font Info:    Overwriting math alphabet `\mathfrak' in version `bold'
(Font)                  U/euf/m/n --> U/euf/b/n on input line 106.
))
("C:\Program Files\MiKTeX 2.9\tex\latex\base\latexsym.sty"
Package: latexsym 1998/08/17 v2.2e Standard LaTeX package (lasy symbols)
\symlasy=\mathgroup6
LaTeX Font Info:    Overwriting symbol font `lasy' in version `bold'
(Font)                  U/lasy/m/n --> U/lasy/b/n on input line 52.
)
("C:\Program Files\MiKTeX 2.9\tex\latex\tools\bm.sty"
Package: bm 2016/07/07 v1.2b Bold Symbol Support (DPC/FMi)
\symboldoperators=\mathgroup7
\symboldletters=\mathgroup8
\symboldsymbols=\mathgroup9
\symboldlasy=\mathgroup10
LaTeX Font Info:    Redeclaring math alphabet \mathbf on input line 142.
LaTeX Info: Redefining \bm on input line 208.
)
("C:\Program Files\MiKTeX 2.9\tex\latex\amsmath\amsmath.sty"
Package: amsmath 2016/06/28 v2.15d AMS math features
\@mathmargin=\skip50

For additional information on amsmath, use the `?' option.
("C:\Program Files\MiKTeX 2.9\tex\latex\amsmath\amstext.sty"
Package: amstext 2000/06/29 v2.01 AMS text

("C:\Program Files\MiKTeX 2.9\tex\latex\amsmath\amsgen.sty"
File: amsgen.sty 1999/11/30 v2.0 generic functions
\@emptytoks=\toks17
\ex@=\dimen107
))
("C:\Program Files\MiKTeX 2.9\tex\latex\amsmath\amsbsy.sty"
Package: amsbsy 1999/11/29 v1.2d Bold Symbols
LaTeX Info: Redefining \boldsymbol on input line 28.
\pmbraise@=\dimen108
)
("C:\Program Files\MiKTeX 2.9\tex\latex\amsmath\amsopn.sty"
Package: amsopn 2016/03/08 v2.02 operator names
)
\inf@bad=\count90
LaTeX Info: Redefining \frac on input line 199.
\uproot@=\count91
\leftroot@=\count92
LaTeX Info: Redefining \overline on input line 297.
\classnum@=\count93
\DOTSCASE@=\count94
LaTeX Info: Redefining \ldots on input line 394.
LaTeX Info: Redefining \dots on input line 397.
LaTeX Info: Redefining \cdots on input line 518.
\Mathstrutbox@=\box26
\strutbox@=\box27
\big@size=\dimen109
LaTeX Font Info:    Redeclaring font encoding OML on input line 634.
LaTeX Font Info:    Redeclaring font encoding OMS on input line 635.
\macc@depth=\count95
\c@MaxMatrixCols=\count96
\dotsspace@=\muskip10
\c@parentequation=\count97
\dspbrk@lvl=\count98
\tag@help=\toks18
\row@=\count99
\column@=\count100
\maxfields@=\count101
\andhelp@=\toks19
\eqnshift@=\dimen110
\alignsep@=\dimen111
\tagshift@=\dimen112
\tagwidth@=\dimen113
\totwidth@=\dimen114
\lineht@=\dimen115
\@envbody=\toks20
\multlinegap=\skip51
\multlinetaggap=\skip52
\mathdisplay@stack=\toks21
LaTeX Info: Redefining \[ on input line 2739.
LaTeX Info: Redefining \] on input line 2740.
)
("C:\Program Files\MiKTeX 2.9\tex\latex\graphics\graphicx.sty"
Package: graphicx 2014/10/28 v1.0g Enhanced LaTeX Graphics (DPC,SPQR)

("C:\Program Files\MiKTeX 2.9\tex\latex\graphics\keyval.sty"
Package: keyval 2014/10/28 v1.15 key=value parser (DPC)
\KV@toks@=\toks22
)
("C:\Program Files\MiKTeX 2.9\tex\latex\graphics\graphics.sty"
Package: graphics 2016/07/10 v1.0t Standard LaTeX Graphics (DPC,SPQR)

("C:\Program Files\MiKTeX 2.9\tex\latex\graphics\trig.sty"
Package: trig 2016/01/03 v1.10 sin cos tan (DPC)
)
("C:\Program Files\MiKTeX 2.9\tex\latex\graphics-cfg\graphics.cfg"
File: graphics.cfg 2016/06/04 v1.11 sample graphics configuration
)
Package graphics Info: Driver file: dvips.def on input line 99.

("C:\Program Files\MiKTeX 2.9\tex\latex\graphics-def\dvips.def"
File: dvips.def 2016/07/10 v3.1a Driver-dependent file (DPC,SPQR)
))
\Gin@req@height=\dimen116
\Gin@req@width=\dimen117
)
(C:\Users\Tadashi\AppData\Roaming\MiKTeX\2.9\tex\latex\listings\listings.sty
\lst@mode=\count102
\lst@gtempboxa=\box28
\lst@token=\toks23
\lst@length=\count103
\lst@currlwidth=\dimen118
\lst@column=\count104
\lst@pos=\count105
\lst@lostspace=\dimen119
\lst@width=\dimen120
\lst@newlines=\count106
\lst@lineno=\count107
\lst@maxwidth=\dimen121

(C:\Users\Tadashi\AppData\Roaming\MiKTeX\2.9\tex\latex\listings\lstmisc.sty
File: lstmisc.sty 2015/06/04 1.6 (Carsten Heinz)
\c@lstnumber=\count108
\lst@skipnumbers=\count109
\lst@framebox=\box29
)
(C:\Users\Tadashi\AppData\Roaming\MiKTeX\2.9\tex\latex\listings\listings.cfg
File: listings.cfg 2015/06/04 1.6 listings configuration
))
Package: listings 2015/06/04 1.6 (Carsten Heinz)

(C:\Users\Tadashi\AppData\Roaming\MiKTeX\2.9\tex\latex\natbib\natbib.sty
Package: natbib 2010/09/13 8.31b (PWD, AO)
\bibhang=\skip53
\bibsep=\skip54
LaTeX Info: Redefining \cite on input line 694.
\c@NAT@ctr=\count110
)
(C:\Users\Tadashi\AppData\Roaming\MiKTeX\2.9\tex\generic\tex4ht\tex4ht.4ht
version 2009-01-07-07:11
--------------------------------------
--- Note --- for additional information, use the command line option `info'
--------------------------------------

::::::::::::::::::::::::::::::::::::::::::
 TeX4ht info is available in the log file 
::::::::::::::::::::::::::::::::::::::::::
) (C:\Users\Tadashi\AppData\Roaming\MiKTeX\2.9\tex\generic\tex4ht\tex4ht.sty
version 2008-10-27-17:23

--- needs --- tex4ht Alphabet-Part1_01 ---
\tmp:cnt=\count111
\openout15 = `Alphabet-Part1_01.tmp'.

(Alphabet-Part1_01.tmp)
\tmp:dim=\skip55
--------------------------------------
--- Note --- for XML code, use the command line option `xml' or `xhtml'
--------------------------------------
 (Alphabet-Part1_01.xref)
\:refout=\write4
\openout4 = `Alphabet-Part1_01.xref'.


(C:\Users\Tadashi\AppData\Roaming\MiKTeX\2.9\tex\generic\tex4ht\html4.4ht
version 2015-01-26-15:58
--------------------------------------
--- Note --- to remove the <?xml version=...?> processing instruction use the c
ommand line option `no-VERSION'
--------------------------------------
--------------------------------------
--- Note --- to remove the DOCTYPE declaration use the command line option `no-
DOCTYPE'
--------------------------------------
)
(C:\Users\Tadashi\AppData\Roaming\MiKTeX\2.9\tex\generic\tex4ht\html4-math.4ht
version 2009-05-18-23:01
)
--------------------------------------
--- Note --- for marking of the base font, use the command line option `fonts+'

--------------------------------------
--------------------------------------
--- Note --- for non active _, use the command line option `no_'
--------------------------------------
--------------------------------------
--- Note --- for _ of catcode 13, use the command line option `_13'
--------------------------------------
--------------------------------------
--- Note --- for non active ^, use the command line option `no^'
--------------------------------------
--------------------------------------
--- Note --- for ^ of catcode 13, use the command line option `^13'
--------------------------------------
(C:\Users\Tadashi\AppData\Roaming\MiKTeX\2.9\tex\generic\tex4ht\html4.4ht
version 2015-01-26-15:58
--------------------------------------
--- Note --- for alternative charset, use the command line option `charset=...'

--------------------------------------
--------------------------------------
--- Note --- to ignore CSS font decoration, use the `NoFonts' command line opti
on
--------------------------------------
--------------------------------------
--- Note --- for jpg bitmaps of pictures, use the `jpg' command line option. (C
haracter bitmaps are controled only by `g' records of tex4ht.env and `-g' switc
hes of tex4ht.c) 
--------------------------------------
--------------------------------------
--- Note --- for gif bitmaps of pictures, use the `gif' command line option. (C
haracter bitmaps are controled only by `g' records of tex4ht.env and `-g' switc
hes of tex4ht.c) 
--------------------------------------
--------------------------------------
--- Note --- for content and toc in 2 frames, use the command line option `fram
es'
--------------------------------------
--------------------------------------
--- Note --- for content, toc, and footnotes in 3 frames, use the command line 
option `frames-fn'
--------------------------------------
--------------------------------------
--- Note --- for file extension name xht, use the command line option `xht'
--------------------------------------
TeX4ht package options: html
--------------------------------------
--- Note --- to ignore CSS code, use the command line option `-css
--------------------------------------
--------------------------------------
--- Note --- for inline CSS code, use the command line option `css-in'
--------------------------------------
--------------------------------------
--- Note --- for pop ups on mouse over, use the command line option `mouseover'

--------------------------------------
--------------------------------------
--- Note --- for addressing images in a subdirectory, use the command line opti
on `imgdir:.../'
--------------------------------------
)
(C:\Users\Tadashi\AppData\Roaming\MiKTeX\2.9\tex\generic\tex4ht\html4-math.4ht
version 2009-05-18-23:01
)
\:tokwrite=\toks24
\:tokpage=\toks25
--------------------------------------
--- Note --- for back links to toc, use the command line option `sections+'
--------------------------------------
--------------------------------------
--- Note --- for linear crosslinks of pages, use the command line option `next'

--------------------------------------
\openout15 = `Alphabet-Part1_01.4ct'.

\:tocout=\write5
\openout5 = `Alphabet-Part1_01.4tc'.

(C:\Users\Tadashi\AppData\Roaming\MiKTeX\2.9\tex\generic\tex4ht\html4.4ht
version 2015-01-26-15:58
)
(C:\Users\Tadashi\AppData\Roaming\MiKTeX\2.9\tex\generic\tex4ht\html4-math.4ht
version 2009-05-18-23:01
) (C:\Users\Tadashi\AppData\Roaming\MiKTeX\2.9\tex\generic\tex4ht\latex.4ht
version 2009-05-21-09:32
--------------------------------------
--- Note --- for links into captions, instead of float heads, use the command l
ine option `refcaption'
--------------------------------------

(C:\Users\Tadashi\AppData\Roaming\MiKTeX\2.9\tex\generic\tex4ht\html4.4ht
version 2015-01-26-15:58
--------------------------------------
--- Note --- For mini tocs immediately aftter the header use the command line o
ption `minitoc<'
--------------------------------------
--------------------------------------
--- Note --- for enumerated list elements with valued data, use the command lin
e option `enumerate+'
--------------------------------------
--------------------------------------
--- Note --- for enumerated list elements li's with value attributes, use the c
ommand line option `enumerate-'
--------------------------------------
--------------------------------------
--- Note --- for CSS2 code, use the command line option `css2'
--------------------------------------
--------------------------------------
--- Note --- for pictorial tabular, use the command line option `pic-tabular'
--------------------------------------
--------------------------------------
--- Note --- for bitmap fbox'es, use the command line option `pic-fbox'
--------------------------------------
--------------------------------------
--- Note --- for bitmap framebox'es, use the command line option `pic-framebox'

--------------------------------------
--------------------------------------
--- Note --- for inline footnotes use command line option `fn-in'
--------------------------------------
--------------------------------------
--- Note --- for tracing of latex font commands, use the command line option `f
onts'
--------------------------------------
--------------------------------------
--- Note --- for width specifications of tabular p entries, use the `p-width' c
ommand line option or a configuration similar to \Configure{HColWidth}{\HCode{ 
style="width:\HColWidth"}}
--------------------------------------
)
(C:\Users\Tadashi\AppData\Roaming\MiKTeX\2.9\tex\generic\tex4ht\html4-math.4ht
version 2009-05-18-23:01
--------------------------------------
--- Note --- for pictorial eqnarray, use the command line option `pic-eqnarray'

--------------------------------------
--------------------------------------
--- Note --- for pictorial array, use the command line option `pic-array'
--------------------------------------
--------------------------------------
--- Note --- for pictorial $...$ environments, use the command line option `pic
-m' (not recommended!!)
--------------------------------------
--------------------------------------
--- Note --- for pictorial $...$ and $$...$$ environments with latex alt, use t
he command line option `pic-m+' (not safe!!)
--------------------------------------
--------------------------------------
--- Note --- for pictorial array, use the command line option `pic-array'
--------------------------------------
)) (C:\Users\Tadashi\AppData\Roaming\MiKTeX\2.9\tex\generic\tex4ht\fontmath.4ht
version 2009-05-21-09:32

(C:\Users\Tadashi\AppData\Roaming\MiKTeX\2.9\tex\generic\tex4ht\html4.4ht
version 2015-01-26-15:58
)
(C:\Users\Tadashi\AppData\Roaming\MiKTeX\2.9\tex\generic\tex4ht\html4-math.4ht
version 2009-05-18-23:01
)) (C:\Users\Tadashi\AppData\Roaming\MiKTeX\2.9\tex\generic\tex4ht\article.4ht
version 2009-05-21-09:32

(C:\Users\Tadashi\AppData\Roaming\MiKTeX\2.9\tex\generic\tex4ht\html4.4ht
version 2015-01-26-15:58
--------------------------------------
--- Note --- for automatic sectioning pagination, use the command line option `
1', `2', `3', '4', '5', '6', or '7'
--------------------------------------
--------------------------------------
--- Note --- for files named derived from section titles, use the command line 
option `sec-filename'
--------------------------------------
--------------------------------------
--- Note --- for i-columns index, use the command line option `index=i' (e.g., 
index=2)
--------------------------------------
)
(C:\Users\Tadashi\AppData\Roaming\MiKTeX\2.9\tex\generic\tex4ht\html4-math.4ht
version 2009-05-18-23:01
)) (C:\Users\Tadashi\AppData\Roaming\MiKTeX\2.9\tex\generic\tex4ht\array.4ht
version 2009-05-21-09:32

(C:\Users\Tadashi\AppData\Roaming\MiKTeX\2.9\tex\generic\tex4ht\html4.4ht
version 2015-01-26-15:58
)
(C:\Users\Tadashi\AppData\Roaming\MiKTeX\2.9\tex\generic\tex4ht\html4-math.4ht
version 2009-05-18-23:01
--------------------------------------
--- Note --- for pictorial array, use the command line option `pic-array'
--------------------------------------
)) (C:\Users\Tadashi\AppData\Roaming\MiKTeX\2.9\tex\generic\tex4ht\ifthen.4ht
version 2009-05-21-09:32

(C:\Users\Tadashi\AppData\Roaming\MiKTeX\2.9\tex\generic\tex4ht\html4.4ht
version 2015-01-26-15:58
)
(C:\Users\Tadashi\AppData\Roaming\MiKTeX\2.9\tex\generic\tex4ht\html4-math.4ht
version 2009-05-18-23:01
)) (C:\Users\Tadashi\AppData\Roaming\MiKTeX\2.9\tex\generic\tex4ht\amssymb.4ht
version 2009-05-21-09:32

(C:\Users\Tadashi\AppData\Roaming\MiKTeX\2.9\tex\generic\tex4ht\html4.4ht
version 2015-01-26-15:58
)
(C:\Users\Tadashi\AppData\Roaming\MiKTeX\2.9\tex\generic\tex4ht\html4-math.4ht
version 2009-05-18-23:01
)) (C:\Users\Tadashi\AppData\Roaming\MiKTeX\2.9\tex\generic\tex4ht\amsfonts.4ht
version 2009-05-21-09:32

(C:\Users\Tadashi\AppData\Roaming\MiKTeX\2.9\tex\generic\tex4ht\html4.4ht
version 2015-01-26-15:58
)
(C:\Users\Tadashi\AppData\Roaming\MiKTeX\2.9\tex\generic\tex4ht\html4-math.4ht
version 2009-05-18-23:01
)) (C:\Users\Tadashi\AppData\Roaming\MiKTeX\2.9\tex\generic\tex4ht\bm.4ht
version 2009-05-21-09:32

(C:\Users\Tadashi\AppData\Roaming\MiKTeX\2.9\tex\generic\tex4ht\html4.4ht
version 2015-01-26-15:58
)
(C:\Users\Tadashi\AppData\Roaming\MiKTeX\2.9\tex\generic\tex4ht\html4-math.4ht
version 2009-05-18-23:01
)) (C:\Users\Tadashi\AppData\Roaming\MiKTeX\2.9\tex\generic\tex4ht\amsmath.4ht
version 2009-05-21-09:32
\tmp:muskip=\muskip11

(C:\Users\Tadashi\AppData\Roaming\MiKTeX\2.9\tex\generic\tex4ht\html4.4ht
version 2015-01-26-15:58
)
(C:\Users\Tadashi\AppData\Roaming\MiKTeX\2.9\tex\generic\tex4ht\html4-math.4ht
version 2009-05-18-23:01
)) (C:\Users\Tadashi\AppData\Roaming\MiKTeX\2.9\tex\generic\tex4ht\amstext.4ht
version 2009-05-21-09:32

(C:\Users\Tadashi\AppData\Roaming\MiKTeX\2.9\tex\generic\tex4ht\html4.4ht
version 2015-01-26-15:58
)
(C:\Users\Tadashi\AppData\Roaming\MiKTeX\2.9\tex\generic\tex4ht\html4-math.4ht
version 2009-05-18-23:01
)) (C:\Users\Tadashi\AppData\Roaming\MiKTeX\2.9\tex\generic\tex4ht\amsbsy.4ht
version 2009-05-21-09:32

(C:\Users\Tadashi\AppData\Roaming\MiKTeX\2.9\tex\generic\tex4ht\html4.4ht
version 2015-01-26-15:58
)
(C:\Users\Tadashi\AppData\Roaming\MiKTeX\2.9\tex\generic\tex4ht\html4-math.4ht
version 2009-05-18-23:01
)) (C:\Users\Tadashi\AppData\Roaming\MiKTeX\2.9\tex\generic\tex4ht\amsopn.4ht
version 2009-05-21-09:32

(C:\Users\Tadashi\AppData\Roaming\MiKTeX\2.9\tex\generic\tex4ht\html4.4ht
version 2015-01-26-15:58
)
(C:\Users\Tadashi\AppData\Roaming\MiKTeX\2.9\tex\generic\tex4ht\html4-math.4ht
version 2009-05-18-23:01
)) (C:\Users\Tadashi\AppData\Roaming\MiKTeX\2.9\tex\generic\tex4ht\graphicx.4ht
version 2015-08-05-15:37

(C:\Users\Tadashi\AppData\Roaming\MiKTeX\2.9\tex\generic\tex4ht\html4.4ht
version 2015-01-26-15:58
)
(C:\Users\Tadashi\AppData\Roaming\MiKTeX\2.9\tex\generic\tex4ht\html4-math.4ht
version 2009-05-18-23:01
)) (C:\Users\Tadashi\AppData\Roaming\MiKTeX\2.9\tex\generic\tex4ht\graphics.4ht
version 2009-05-21-09:32

(C:\Users\Tadashi\AppData\Roaming\MiKTeX\2.9\tex\generic\tex4ht\html4.4ht
version 2015-01-26-15:58
--------------------------------------
--- Note --- if included graphics are of degraded quality, try the command line
 options `graphics-num' or `graphics-'. The `num' should provide the density of
 pixels in the bitmaps (e.g., 110). 
--------------------------------------
--------------------------------------
--- Note --- for key dimensions try the option `Gin-dim'; for key dimensions wh
en bounding box is unavailable try `Gin-dim+'; neither is recommended
--------------------------------------
)
(C:\Users\Tadashi\AppData\Roaming\MiKTeX\2.9\tex\generic\tex4ht\html4-math.4ht
version 2009-05-18-23:01
)) (C:\Users\Tadashi\AppData\Roaming\MiKTeX\2.9\tex\generic\tex4ht\dvips.4ht
version 2009-05-21-09:32

(C:\Users\Tadashi\AppData\Roaming\MiKTeX\2.9\tex\generic\tex4ht\html4.4ht
version 2015-01-26-15:58
)
(C:\Users\Tadashi\AppData\Roaming\MiKTeX\2.9\tex\generic\tex4ht\html4-math.4ht
version 2009-05-18-23:01
)) (C:\Users\Tadashi\AppData\Roaming\MiKTeX\2.9\tex\generic\tex4ht\listings.4ht
version 2014-07-13-16:08

(C:\Users\Tadashi\AppData\Roaming\MiKTeX\2.9\tex\generic\tex4ht\html4.4ht
version 2015-01-26-15:58
--------------------------------------
--- Note --- to ensure proper alignments use fixed size fonts (see listings.dtx
)
--------------------------------------
)
(C:\Users\Tadashi\AppData\Roaming\MiKTeX\2.9\tex\generic\tex4ht\html4-math.4ht
version 2009-05-18-23:01
)) (C:\Users\Tadashi\AppData\Roaming\MiKTeX\2.9\tex\generic\tex4ht\natbib.4ht
version 2013-01-19-12:33

(C:\Users\Tadashi\AppData\Roaming\MiKTeX\2.9\tex\generic\tex4ht\html4.4ht
version 2015-01-26-15:58
)
(C:\Users\Tadashi\AppData\Roaming\MiKTeX\2.9\tex\generic\tex4ht\html4-math.4ht
version 2009-05-18-23:01
)) (C:\Users\Tadashi\AppData\Roaming\MiKTeX\2.9\tex\generic\tex4ht\html4.4ht
version 2015-01-26-15:58
)
(C:\Users\Tadashi\AppData\Roaming\MiKTeX\2.9\tex\generic\tex4ht\html4-math.4ht
version 2009-05-18-23:01
)) (Alphabet-Part1_01.aux)
\openout1 = `Alphabet-Part1_01.aux'.

LaTeX Font Info:    Checking defaults for OML/cmm/m/it on input line 17.
LaTeX Font Info:    ... okay on input line 17.
LaTeX Font Info:    Checking defaults for T1/cmr/m/n on input line 17.
LaTeX Font Info:    ... okay on input line 17.
LaTeX Font Info:    Checking defaults for OT1/cmr/m/n on input line 17.
LaTeX Font Info:    ... okay on input line 17.
LaTeX Font Info:    Checking defaults for OMS/cmsy/m/n on input line 17.
LaTeX Font Info:    ... okay on input line 17.
LaTeX Font Info:    Checking defaults for OMX/cmex/m/n on input line 17.
LaTeX Font Info:    ... okay on input line 17.
LaTeX Font Info:    Checking defaults for U/cmr/m/n on input line 17.
LaTeX Font Info:    ... okay on input line 17.
\c@lstlisting=\count112
--- file Alphabet-Part1_01.css ---
LaTeX Font Info:    Try loading font information for U+msa on input line 20.

("C:\Program Files\MiKTeX 2.9\tex\latex\amsfonts\umsa.fd"
File: umsa.fd 2013/01/14 v3.01 AMS symbols A
)
LaTeX Font Info:    Try loading font information for U+msb on input line 20.

("C:\Program Files\MiKTeX 2.9\tex\latex\amsfonts\umsb.fd"
File: umsb.fd 2013/01/14 v3.01 AMS symbols B
)
LaTeX Font Info:    Try loading font information for U+lasy on input line 20.

("C:\Program Files\MiKTeX 2.9\tex\latex\base\ulasy.fd"
File: ulasy.fd 1998/08/17 v2.2e LaTeX symbol font definitions
)
LaTeX Font Info:    Font shape `U/lasy/b/n' in size <7> not available
(Font)              Font shape `U/lasy/m/n' tried instead on input line 20.
LaTeX Font Info:    Font shape `U/lasy/b/n' in size <5> not available
(Font)              Font shape `U/lasy/m/n' tried instead on input line 20.
l. 25 Writing Alphabet-Part1_01.idv[1] (Alphabet-Part1_010x.png)
l. 26 Writing Alphabet-Part1_01.idv[2] (Alphabet-Part1_011x.png)
l. 27 Writing Alphabet-Part1_01.idv[3] (Alphabet-Part1_012x.png)
l. 28 Writing Alphabet-Part1_01.idv[4] (Alphabet-Part1_013x.png)
l. 29 Writing Alphabet-Part1_01.idv[5] (Alphabet-Part1_014x.png)
l. 30 Writing Alphabet-Part1_01.idv[6] (Alphabet-Part1_015x.png)
l. 31 Writing Alphabet-Part1_01.idv[7] (Alphabet-Part1_016x.png)
l. 32 Writing Alphabet-Part1_01.idv[8] (Alphabet-Part1_017x.png)
 [1

]

Package natbib Warning: Citation `wiki_LA' on page 2 undefined on input line 96
.

l.114 --- TeX4ht warning --- File `Capture5.xbb' not found ---
l.114 --- TeX4ht warning --- Cannot determine size of graphic in Capture5.xbb (
no BoundingBox) ---
l. 114 --- needs --- Capture5.jpg ---

Package natbib Warning: There were undefined citations.

[2] (Alphabet-Part1_01.aux) ) 
Here is how much of TeX's memory you used:
 7263 strings out of 493334
 90841 string characters out of 3139214
 317172 words of memory out of 3000000
 10618 multiletter control sequences out of 15000+200000
 9293 words of font info for 38 fonts, out of 3000000 for 9000
 1141 hyphenation exceptions out of 8191
 30i,22n,38p,902b,492s stack positions out of 5000i,500n,10000p,200000b,50000s

Output written on Alphabet-Part1_01.dvi (2 pages, 82880 bytes).
